0 info it worked if it ends with ok
1 verbose cli [ '/home/codio/.nvm/v0.10.33/bin/node',
1 verbose cli   '/home/codio/.nvm/v0.10.33/bin/npm',
1 verbose cli   'start' ]
2 info using npm@1.4.28
3 info using node@v0.10.33
4 verbose config Skipping project config: /home/codio/.npmrc. (matches userconfig)
5 error Error: ENOENT, open '/home/codio/workspace/package.json'
6 error If you need help, you may report this *entire* log,
6 error including the npm and node versions, at:
6 error     <http://github.com/npm/npm/issues>
7 error System Linux 3.16.0-34-generic
8 error command "/home/codio/.nvm/v0.10.33/bin/node" "/home/codio/.nvm/v0.10.33/bin/npm" "start"
9 error cwd /home/codio/workspace
10 error node -v v0.10.33
11 error npm -v 1.4.28
12 error path /home/codio/workspace/package.json
13 error code ENOENT
14 error errno 34
15 verbose exit [ 34, true ]
